[11:44:27] [main/DEBUG] [FML/]: Injecting tracing printstreams for STDOUT/STDERR.
[11:44:27] [main/INFO] [FML/]: Forge Mod Loader version 7.10.85.1232 for Minecraft 1.7.10 loading
[11:44:27] [main/INFO] [FML/]: Java is Java HotSpot(TM) 64-Bit Server VM, version 1.8.0_20, running on Windows 8.1:amd64:6.3, installed at C:\Program Files\Java\jre1.8.0_20
[11:44:27] [main/DEBUG] [FML/]: Java classpath at launch is C:\Users\mathi_000\Git\AmazingCore\bin;C:\Users\mathi_000\.gradle\caches\minecraft\net\minecraftforge\forge\1.7.10-10.13.2.1232\forgeSrc-1.7.10-10.13.2.1232.jar;C:\Users\mathi_000\.gradle\caches\modules-2\files-2.1\net.minecraft\launchwrapper\1.11\9c0592c6e1e9ea296a70948081bd4cc84dda1289\launchwrapper-1.11.jar;C:\Users\mathi_000\.gradle\caches\modules-2\files-2.1\com.google.code.findbugs\jsr305\1.3.9\40719ea6961c0cb6afaeb6a921eaa1f6afd4cfdf\jsr305-1.3.9.jar;C:\Users\mathi_000\.gradle\caches\modules-2\files-2.1\org.ow2.asm\asm-debug-all\5.0.3\f9e364ae2a66ce2a543012a4668856e84e5dab74\asm-debug-all-5.0.3.jar;C:\Users\mathi_000\.gradle\caches\modules-2\files-2.1\com.typesafe.akka\akka-actor_2.11\2.3.3\ed62e9fc709ca0f2ff1a3220daa8b70a2870078e\akka-actor_2.11-2.3.3.jar;C:\Users\mathi_000\.gradle\caches\modules-2\files-2.1\com.typesafe\config\1.2.1\f771f71fdae3df231bcd54d5ca2d57f0bf93f467\config-1.2.1.jar;C:\Users\mathi_000\.gradle\caches\modules-2\files-2.1\org.scala-lang\scala-actors-migration_2.11\1.1.0\dfa8bc42b181d5b9f1a5dd147f8ae308b893eb6f\scala-actors-migration_2.11-1.1.0.jar;C:\Users\mathi_000\.gradle\caches\modules-2\files-2.1\org.scala-lang\scala-compiler\2.11.1\56ea2e6c025e0821f28d73ca271218b8dd04926a\scala-compiler-2.11.1.jar;C:\Users\mathi_000\.gradle\caches\modules-2\files-2.1\org.scala-lang.plugins\scala-continuations-library_2.11\1.0.2\e517c53a7e9acd6b1668c5a35eccbaa3bab9aac\scala-continuations-library_2.11-1.0.2.jar;C:\Users\mathi_000\.gradle\caches\modules-2\files-2.1\org.scala-lang.plugins\scala-continuations-plugin_2.11.1\1.0.2\f361a3283452c57fa30c1ee69448995de23c60f7\scala-continuations-plugin_2.11.1-1.0.2.jar;C:\Users\mathi_000\.gradle\caches\modules-2\files-2.1\org.scala-lang\scala-library\2.11.1\e11da23da3eabab9f4777b9220e60d44c1aab6a\scala-library-2.11.1.jar;C:\Users\mathi_000\.gradle\caches\modules-2\files-2.1\org.scala-lang\scala-parser-combinators_2.11\1.0.1\f05d7345bf5a58924f2837c6c1f4d73a938e1ff0\scala-parser-combinators_2.11-1.0.1.jar;C:\Users\mathi_000\.gradle\caches\modules-2\files-2.1\org.scala-lang\scala-reflect\2.11.1\6580347e61cc7f8e802941e7fde40fa83b8badeb\scala-reflect-2.11.1.jar;C:\Users\mathi_000\.gradle\caches\modules-2\files-2.1\org.scala-lang\scala-swing_2.11\1.0.1\b1cdd92bd47b1e1837139c1c53020e86bb9112ae\scala-swing_2.11-1.0.1.jar;C:\Users\mathi_000\.gradle\caches\modules-2\files-2.1\org.scala-lang\scala-xml_2.11\1.0.2\7a80ec00aec122fba7cd4e0d4cdd87ff7e4cb6d0\scala-xml_2.11-1.0.2.jar;C:\Users\mathi_000\.gradle\caches\modules-2\files-2.1\net.sf.jopt-simple\jopt-simple\4.5\6065cc95c661255349c1d0756657be17c29a4fd3\jopt-simple-4.5.jar;C:\Users\mathi_000\.gradle\caches\modules-2\files-2.1\lzma\lzma\0.0.1\521616dc7487b42bef0e803bd2fa3faf668101d7\lzma-0.0.1.jar;C:\Users\mathi_000\.gradle\caches\modules-2\files-2.1\com.mojang\realms\1.3.5\807ae355ee63583becd7ea60e76aab1532bb42e\realms-1.3.5.jar;C:\Users\mathi_000\.gradle\caches\modules-2\files-2.1\org.apache.commons\commons-compress\1.8.1\a698750c16740fd5b3871425f4cb3bbaa87f529d\commons-compress-1.8.1.jar;C:\Users\mathi_000\.gradle\caches\modules-2\files-2.1\org.apache.httpcomponents\httpclient\4.3.3\18f4247ff4572a074444572cee34647c43e7c9c7\httpclient-4.3.3.jar;C:\Users\mathi_000\.gradle\caches\modules-2\files-2.1\commons-logging\commons-logging\1.1.3\f6f66e966c70a83ffbdb6f17a0919eaf7c8aca7f\commons-logging-1.1.3.jar;C:\Users\mathi_000\.gradle\caches\modules-2\files-2.1\org.apache.httpcomponents\httpcore\4.3.2\31fbbff1ddbf98f3aa7377c94d33b0447c646b6e\httpcore-4.3.2.jar;C:\Users\mathi_000\.gradle\caches\modules-2\files-2.1\java3d\vecmath\1.3.1\a0ae4f51da409fa0c20fa0ca59e6bbc9413ae71d\vecmath-1.3.1.jar;C:\Users\mathi_000\.gradle\caches\modules-2\files-2.1\net.sf.trove4j\trove4j\3.0.3\42ccaf4761f0dfdfa805c9e340d99a755907e2dd\trove4j-3.0.3.jar;C:\Users\mathi_000\.gradle\caches\modules-2\files-2.1\com.ibm.icu\icu4j-core-mojang\51.2\63d216a9311cca6be337c1e458e587f99d382b84\icu4j-core-mojang-51.2.jar;C:\Users\mathi_000\.gradle\caches\modules-2\files-2.1\com.paulscode\codecjorbis\20101023\c73b5636faf089d9f00e8732a829577de25237ee\codecjorbis-20101023.jar;C:\Users\mathi_000\.gradle\caches\modules-2\files-2.1\com.paulscode\codecwav\20101023\12f031cfe88fef5c1dd36c563c0a3a69bd7261da\codecwav-20101023.jar;C:\Users\mathi_000\.gradle\caches\modules-2\files-2.1\com.paulscode\libraryjavasound\20101123\5c5e304366f75f9eaa2e8cca546a1fb6109348b3\libraryjavasound-20101123.jar;C:\Users\mathi_000\.gradle\caches\modules-2\files-2.1\com.paulscode\librarylwjglopenal\20100824\73e80d0794c39665aec3f62eee88ca91676674ef\librarylwjglopenal-20100824.jar;C:\Users\mathi_000\.gradle\caches\modules-2\files-2.1\com.paulscode\soundsystem\20120107\419c05fe9be71f792b2d76cfc9b67f1ed0fec7f6\soundsystem-20120107.jar;C:\Users\mathi_000\.gradle\caches\modules-2\files-2.1\io.netty\netty-all\4.0.10.Final\9e50bd52ffe257a0e2cd8d971688d6ce7d174325\netty-all-4.0.10.Final.jar;C:\Users\mathi_000\.gradle\caches\modules-2\files-2.1\commons-io\commons-io\2.4\b1b6ea3b7e4aa4f492509a4952029cd8e48019ad\commons-io-2.4.jar;C:\Users\mathi_000\.gradle\caches\modules-2\files-2.1\commons-codec\commons-codec\1.9\9ce04e34240f674bc72680f8b843b1457383161a\commons-codec-1.9.jar;C:\Users\mathi_000\.gradle\caches\modules-2\files-2.1\net.java.jinput\jinput\2.0.5\39c7796b469a600f72380316f6b1f11db6c2c7c4\jinput-2.0.5.jar;C:\Users\mathi_000\.gradle\caches\modules-2\files-2.1\net.java.jutils\jutils\1.0.0\e12fe1fda814bd348c1579329c86943d2cd3c6a6\jutils-1.0.0.jar;C:\Users\mathi_000\.gradle\caches\modules-2\files-2.1\com.google.code.gson\gson\2.2.4\a60a5e993c98c864010053cb901b7eab25306568\gson-2.2.4.jar;C:\Users\mathi_000\.gradle\caches\modules-2\files-2.1\com.mojang\authlib\1.5.16\ef1582b11fd0943d069cdcb72e99008ac209a283\authlib-1.5.16.jar;C:\Users\mathi_000\.gradle\caches\modules-2\files-2.1\org.apache.logging.log4j\log4j-api\2.0-beta9\1dd66e68cccd907880229f9e2de1314bd13ff785\log4j-api-2.0-beta9.jar;C:\Users\mathi_000\.gradle\caches\modules-2\files-2.1\org.apache.logging.log4j\log4j-core\2.0-beta9\678861ba1b2e1fccb594bb0ca03114bb05da9695\log4j-core-2.0-beta9.jar;C:\Users\mathi_000\.gradle\caches\modules-2\files-2.1\org.lwjgl.lwjgl\lwjgl\2.9.1\f58c5aabcef0e41718a564be9f8e412fff8db847\lwjgl-2.9.1.jar;C:\Users\mathi_000\.gradle\caches\modules-2\files-2.1\org.lwjgl.lwjgl\lwjgl_util\2.9.1\290d7ba8a1bd9566f5ddf16ad06f09af5ec9b20e\lwjgl_util-2.9.1.jar;C:\Users\mathi_000\.gradle\caches\modules-2\files-2.1\tv.twitch\twitch\5.16\1f55f009c61637c10c0acfb8b5ffc600f30044b4\twitch-5.16.jar;C:\Users\mathi_000\.gradle\caches\modules-2\files-2.1\org.scala-lang\scala-actors\2.11.0\8ccfb6541de179bb1c4d45cf414acee069b7f78b\scala-actors-2.11.0.jar;C:\Users\mathi_000\.gradle\caches\modules-2\files-2.1\org.scala-lang.modules\scala-xml_2.11\1.0.2\820fbca7e524b530fdadc594c39d49a21ea0337e\scala-xml_2.11-1.0.2.jar;C:\Users\mathi_000\.gradle\caches\modules-2\files-2.1\org.scala-lang.modules\scala-parser-combinators_2.11\1.0.1\f05d7345bf5a58924f2837c6c1f4d73a938e1ff0\scala-parser-combinators_2.11-1.0.1.jar;C:\Users\mathi_000\.gradle\caches\modules-2\files-2.1\net.java.jinput\jinput-platform\2.0.5\7ff832a6eb9ab6a767f1ade2b548092d0fa64795\jinput-platform-2.0.5-natives-linux.jar;C:\Users\mathi_000\.gradle\caches\modules-2\files-2.1\net.java.jinput\jinput-platform\2.0.5\385ee093e01f587f30ee1c8a2ee7d408fd732e16\jinput-platform-2.0.5-natives-windows.jar;C:\Users\mathi_000\.gradle\caches\modules-2\files-2.1\net.java.jinput\jinput-platform\2.0.5\53f9c919f34d2ca9de8c51fc4e1e8282029a9232\jinput-platform-2.0.5-natives-osx.jar;C:\Users\mathi_000\.gradle\caches\modules-2\files-2.1\tv.twitch\twitch-platform\5.16\7c6affe439099806a4f552da14c42f9d643d8b23\twitch-platform-5.16-natives-windows-32.jar;C:\Users\mathi_000\.gradle\caches\modules-2\files-2.1\tv.twitch\twitch-platform\5.16\39d0c3d363735b4785598e0e7fbf8297c706a9f9\twitch-platform-5.16-natives-windows-64.jar;C:\Users\mathi_000\.gradle\caches\modules-2\files-2.1\tv.twitch\twitch-platform\5.16\62503ee712766cf77f97252e5902786fd834b8c5\twitch-platform-5.16-natives-osx.jar;C:\Users\mathi_000\.gradle\caches\modules-2\files-2.1\tv.twitch\twitch-external-platform\4.5\18215140f010c05b9f86ef6f0f8871954d2ccebf\twitch-external-platform-4.5-natives-windows-32.jar;C:\Users\mathi_000\.gradle\caches\modules-2\files-2.1\tv.twitch\twitch-external-platform\4.5\c3cde57891b935d41b6680a9c5e1502eeab76d86\twitch-external-platform-4.5-natives-windows-64.jar;C:\Users\mathi_000\.gradle\caches\modules-2\files-2.1\org.lwjgl.lwjgl\lwjgl-platform\2.9.1\4c517eca808522457dd95ee8fc1fbcdbb602efbe\lwjgl-platform-2.9.1-natives-windows.jar;C:\Users\mathi_000\.gradle\caches\modules-2\files-2.1\org.lwjgl.lwjgl\lwjgl-platform\2.9.1\aa9aae879af8eb378e22cfc64db56ec2ca9a44d1\lwjgl-platform-2.9.1-natives-linux.jar;C:\Users\mathi_000\.gradle\caches\modules-2\files-2.1\org.lwjgl.lwjgl\lwjgl-platform\2.9.1\2d12c83fdfbc04ecabf02c7bc8cc54d034f0daac\lwjgl-platform-2.9.1-natives-osx.jar;C:\Users\mathi_000\.gradle\caches\modules-2\files-2.1\com.google.guava\guava\17.0\9c6ef172e8de35fd8d4d8783e4821e57cdef7445\guava-17.0.jar;C:\Users\mathi_000\.gradle\caches\modules-2\files-2.1\org.apache.commons\commons-lang3\3.3.2\90a3822c38ec8c996e84c16a3477ef632cbc87a3\commons-lang3-3.3.2.jar;C:\Users\mathi_000\.gradle\caches\minecraft\net\minecraftforge\forge\1.7.10-10.13.2.1232\start
[11:44:27] [main/DEBUG] [FML/]: Java library path at launch is C:\Users\mathi_000\Git\AmazingCore\build\natives;C:\Users\mathi_000\Git\AmazingCore\build\natives;C:\Users\mathi_000\Git\AmazingCore\build\natives;C:\Users\mathi_000\Git\AmazingCore\build\natives;C:\Users\mathi_000\Git\AmazingCore\build\natives;C:\Users\mathi_000\Git\AmazingCore\build\natives;C:\Users\mathi_000\Git\AmazingCore\build\natives;C:\Users\mathi_000\Git\AmazingCore\build\natives;C:\Users\mathi_000\Git\AmazingCore\build\natives;C:\Users\mathi_000\Git\AmazingCore\build\natives
[11:44:27] [main/INFO] [FML/]: Managed to load a deobfuscated Minecraft name- we are in a deobfuscated environment. Skipping runtime deobfuscation
[11:44:27] [main/DEBUG] [FML/]: Instantiating coremod class FMLCorePlugin
[11:44:27] [main/DEBUG] [FML/]: Added access transformer class cpw.mods.fml.common.asm.transformers.AccessTransformer to enqueued access transformers
[11:44:27] [main/DEBUG] [FML/]: Enqueued coremod FMLCorePlugin
[11:44:27] [main/DEBUG] [FML/]: Instantiating coremod class FMLForgePlugin
[11:44:27] [main/DEBUG] [FML/]: Added access transformer class net.minecraftforge.transformers.ForgeAccessTransformer to enqueued access transformers
[11:44:27] [main/DEBUG] [FML/]: Enqueued coremod FMLForgePlugin
[11:44:27] [main/DEBUG] [FML/]: All fundamental core mods are successfully located
[11:44:27] [main/DEBUG] [FML/]: Attempting to load commandline specified mods, relative to C:\Users\mathi_000\Git\AmazingCore\eclipse\.
[11:44:27] [main/DEBUG] [FML/]: Discovering coremods
[11:44:27] [main/INFO] [LaunchWrapper/]: Loading tweak class name cpw.mods.fml.common.launcher.FMLInjectionAndSortingTweaker
[11:44:27] [main/INFO] [LaunchWrapper/]: Loading tweak class name cpw.mods.fml.common.launcher.FMLDeobfTweaker
[11:44:27] [main/INFO] [LaunchWrapper/]: Calling tweak class cpw.mods.fml.common.launcher.FMLInjectionAndSortingTweaker
[11:44:27] [main/INFO] [LaunchWrapper/]: Calling tweak class cpw.mods.fml.common.launcher.FMLInjectionAndSortingTweaker
[11:44:27] [main/INFO] [LaunchWrapper/]: Calling tweak class cpw.mods.fml.relauncher.CoreModManager$FMLPluginWrapper
[11:44:27] [main/DEBUG] [FML/]: Injecting coremod FMLCorePlugin {cpw.mods.fml.relauncher.FMLCorePlugin} class transformers
[11:44:27] [main/TRACE] [FML/]: Registering transformer cpw.mods.fml.common.asm.transformers.MarkerTransformer
[11:44:27] [main/TRACE] [FML/]: Registering transformer cpw.mods.fml.common.asm.transformers.SideTransformer
[11:44:27] [main/TRACE] [FML/]: Registering transformer cpw.mods.fml.common.asm.transformers.EventSubscriptionTransformer
[11:44:27] [main/DEBUG] [FML/]: Injection complete
[11:44:27] [main/DEBUG] [FML/]: Running coremod plugin for FMLCorePlugin {cpw.mods.fml.relauncher.FMLCorePlugin}
[11:44:27] [main/DEBUG] [FML/]: Running coremod plugin FMLCorePlugin
[11:44:28] [main/ERROR] [FML/]: The binary patch set is missing. Either you are in a development environment, or things are not going to work!
[11:44:30] [main/ERROR] [FML/]: FML appears to be missing any signature data. This is not a good thing
[11:44:30] [main/DEBUG] [FML/]: Coremod plugin class FMLCorePlugin run successfully
[11:44:30] [main/INFO] [LaunchWrapper/]: Calling tweak class cpw.mods.fml.relauncher.CoreModManager$FMLPluginWrapper
[11:44:30] [main/DEBUG] [FML/]: Injecting coremod FMLForgePlugin {net.minecraftforge.classloading.FMLForgePlugin} class transformers
[11:44:30] [main/DEBUG] [FML/]: Injection complete
[11:44:30] [main/DEBUG] [FML/]: Running coremod plugin for FMLForgePlugin {net.minecraftforge.classloading.FMLForgePlugin}
[11:44:30] [main/DEBUG] [FML/]: Running coremod plugin FMLForgePlugin
[11:44:30] [main/DEBUG] [FML/]: Coremod plugin class FMLForgePlugin run successfully
[11:44:30] [main/INFO] [LaunchWrapper/]: Calling tweak class cpw.mods.fml.common.launcher.FMLDeobfTweaker
[11:44:30] [main/DEBUG] [FML/]: Loaded 46 rules from AccessTransformer config file fml_at.cfg

[11:44:30] [main/DEBUG] [FML/]: Loaded 89 rules from AccessTransformer config file forge_at.cfg

[11:44:30] [main/DEBUG] [FML/]: Validating minecraft
[11:44:30] [main/DEBUG] [FML/]: Minecraft validated, launching...
[11:44:30] [main/INFO] [LaunchWrapper/]: Loading tweak class name cpw.mods.fml.common.launcher.TerminalTweaker
[11:44:30] [main/INFO] [LaunchWrapper/]: Calling tweak class cpw.mods.fml.common.launcher.TerminalTweaker
[11:44:30] [main/INFO] [LaunchWrapper/]: Launching wrapped minecraft {net.minecraft.client.main.Main}
[11:44:31] [main/TRACE] [FML/]: Registry add: minecraft:air 0 net.minecraft.block.BlockAir@36b0fcd5 (req. id 0)
[11:44:32] [main/TRACE] [FML/]: Registry add: minecraft:stone 1 net.minecraft.block.BlockStone@89ff02e (req. id 1)
[11:44:32] [main/TRACE] [FML/]: Registry add: minecraft:grass 2 net.minecraft.block.BlockGrass@2552f2cb (req. id 2)
[11:44:32] [main/TRACE] [FML/]: Registry add: minecraft:dirt 3 net.minecraft.block.BlockDirt@3624da92 (req. id 3)
[11:44:32] [main/TRACE] [FML/]: Registry add: minecraft:cobblestone 4 net.minecraft.block.Block@35fe2125 (req. id 4)
[11:44:32] [main/TRACE] [FML/]: Registry add: minecraft:planks 5 net.minecraft.block.BlockWood@1255b1d1 (req. id 5)
[11:44:32] [main/TRACE] [FML/]: Registry add: minecraft:sapling 6 net.minecraft.block.BlockSapling@3af17be2 (req. id 6)
[11:44:32] [main/TRACE] [FML/]: Registry add: minecraft:bedrock 7 net.minecraft.block.Block@f9879ac (req. id 7)
[11:44:32] [main/TRACE] [FML/]: Registry add: minecraft:flowing_water 8 net.minecraft.block.BlockDynamicLiquid@1d9bec4d (req. id 8)
[11:44:32] [main/TRACE] [FML/]: Registry add: minecraft:water 9 net.minecraft.block.BlockStaticLiquid@439a8f59 (req. id 9)
[11:44:32] [main/TRACE] [FML/]: Registry add: minecraft:flowing_lava 10 net.minecraft.block.BlockDynamicLiquid@61861a29 (req. id 10)
[11:44:32] [main/TRACE] [FML/]: Registry add: minecraft:lava 11 net.minecraft.block.BlockStaticLiquid@31024624 (req. id 11)
[11:44:32] [main/TRACE] [FML/]: Registry add: minecraft:sand 12 net.minecraft.block.BlockSand@3954d008 (req. id 12)
[11:44:32] [main/TRACE] [FML/]: Registry add: minecraft:gravel 13 net.minecraft.block.BlockGravel@64bc21ac (req. id 13)
[11:44:32] [main/TRACE] [FML/]: Registry add: minecraft:gold_ore 14 net.minecraft.block.BlockOre@2f162cc0 (req. id 14)
[11:44:32] [main/TRACE] [FML/]: Registry add: minecraft:iron_ore 15 net.minecraft.block.BlockOre@5df417a7 (req. id 15)
[11:44:32] [main/TRACE] [FML/]: Registry add: minecraft:coal_ore 16 net.minecraft.block.BlockOre@7c041b41 (req. id 16)
[11:44:32] [main/TRACE] [FML/]: Registry add: minecraft:log 17 net.minecraft.block.BlockOldLog@285d851a (req. id 17)
[11:44:32] [main/TRACE] [FML/]: Registry add: minecraft:leaves 18 net.minecraft.block.BlockOldLeaf@54361a9 (req. id 18)
[11:44:32] [main/TRACE] [FML/]: Registry add: minecraft:sponge 19 net.minecraft.block.BlockSponge@2416a51 (req. id 19)
[11:44:32] [main/TRACE] [FML/]: Registry add: minecraft:glass 20 net.minecraft.block.BlockGlass@47874b25 (req. id 20)
[11:44:32] [main/TRACE] [FML/]: Registry add: minecraft:lapis_ore 21 net.minecraft.block.BlockOre@33617539 (req. id 21)
[11:44:32] [main/TRACE] [FML/]: Registry add: minecraft:lapis_block 22 net.minecraft.block.BlockCompressed@f9b7332 (req. id 22)
[11:44:32] [main/TRACE] [FML/]: Registry add: minecraft:dispenser 23 net.minecraft.block.BlockDispenser@4fd4cae3 (req. id 23)
[11:44:32] [main/TRACE] [FML/]: Registry add: minecraft:sandstone 24 net.minecraft.block.BlockSandStone@2baa8d82 (req. id 24)
[11:44:32] [main/TRACE] [FML/]: Registry add: minecraft:noteblock 25 net.minecraft.block.BlockNote@49f5c307 (req. id 25)
[11:44:32] [main/TRACE] [FML/]: Registry add: minecraft:bed 26 net.minecraft.block.BlockBed@142eef62 (req. id 26)
[11:44:32] [main/TRACE] [FML/]: Registry add: minecraft:golden_rail 27 net.minecraft.block.BlockRailPowered@f415a95 (req. id 27)
[11:44:32] [main/TRACE] [FML/]: Registry add: minecraft:detector_rail 28 net.minecraft.block.BlockRailDetector@c9413d8 (req. id 28)
[11:44:32] [main/TRACE] [FML/]: Registry add: minecraft:sticky_piston 29 net.minecraft.block.BlockPistonBase@70fab835 (req. id 29)
[11:44:32] [main/TRACE] [FML/]: Registry add: minecraft:web 30 net.minecraft.block.BlockWeb@6ea1bcdc (req. id 30)
[11:44:32] [main/TRACE] [FML/]: Registry add: minecraft:tallgrass 31 net.minecraft.block.BlockTallGrass@64712be (req. id 31)
[11:44:32] [main/TRACE] [FML/]: Registry add: minecraft:deadbush 32 net.minecraft.block.BlockDeadBush@59fc684e (req. id 32)
[11:44:32] [main/TRACE] [FML/]: Registry add: minecraft:piston 33 net.minecraft.block.BlockPistonBase@5ae81e1 (req. id 33)
[11:44:32] [main/TRACE] [FML/]: Registry add: minecraft:piston_head 34 net.minecraft.block.BlockPistonExtension@5ae76500 (req. id 34)
[11:44:32] [main/TRACE] [FML/]: Registry add: minecraft:wool 35 net.minecraft.block.BlockColored@2a2da905 (req. id 35)
[11:44:32] [main/TRACE] [FML/]: Registry add: minecraft:piston_extension 36 net.minecraft.block.BlockPistonMoving@48c40605 (req. id 36)
[11:44:32] [main/TRACE] [FML/]: Registry add: minecraft:yellow_flower 37 net.minecraft.block.BlockFlower@3bd7f8dc (req. id 37)
[11:44:32] [main/TRACE] [FML/]: Registry add: minecraft:red_flower 38 net.minecraft.block.BlockFlower@2f2bf0e2 (req. id 38)
[11:44:32] [main/TRACE] [FML/]: Registry add: minecraft:brown_mushroom 39 net.minecraft.block.BlockMushroom@1a69561c (req. id 39)
[11:44:32] [main/TRACE] [FML/]: Registry add: minecraft:red_mushroom 40 net.minecraft.block.BlockMushroom@59aa20b3 (req. id 40)
[11:44:32] [main/TRACE] [FML/]: Registry add: minecraft:gold_block 41 net.minecraft.block.BlockCompressed@363f6148 (req. id 41)
[11:44:32] [main/TRACE] [FML/]: Registry add: minecraft:iron_block 42 net.minecraft.block.BlockCompressed@4b21844c (req. id 42)
[11:44:32] [main/TRACE] [FML/]: Registry add: minecraft:double_stone_slab 43 net.minecraft.block.BlockStoneSlab@16423501 (req. id 43)
[11:44:32] [main/TRACE] [FML/]: Registry add: minecraft:stone_slab 44 net.minecraft.block.BlockStoneSlab@4efcf8a (req. id 44)
[11:44:32] [main/TRACE] [FML/]: Registry add: minecraft:brick_block 45 net.minecraft.block.Block@7a138fc5 (req. id 45)
[11:44:32] [main/TRACE] [FML/]: Registry add: minecraft:tnt 46 net.minecraft.block.BlockTNT@7db534f2 (req. id 46)
[11:44:32] [main/TRACE] [FML/]: Registry add: minecraft:bookshelf 47 net.minecraft.block.BlockBookshelf@2f4854d6 (req. id 47)
[11:44:32] [main/TRACE] [FML/]: Registry add: minecraft:mossy_cobblestone 48 net.minecraft.block.Block@61d9efe0 (req. id 48)
[11:44:32] [main/TRACE] [FML/]: Registry add: minecraft:obsidian 49 net.minecraft.block.BlockObsidian@388ffbc2 (req. id 49)
[11:44:32] [main/TRACE] [FML/]: Registry add: minecraft:torch 50 net.minecraft.block.BlockTorch@2e5c7f0b (req. id 50)
[11:44:32] [main/TRACE] [FML/]: Registry add: minecraft:fire 51 net.minecraft.block.BlockFire@4de025bf (req. id 51)
[11:44:32] [main/TRACE] [FML/]: Registry add: minecraft:mob_spawner 52 net.minecraft.block.BlockMobSpawner@18cc679e (req. id 52)
[11:44:32] [main/TRACE] [FML/]: Registry add: minecraft:oak_stairs 53 net.minecraft.block.BlockStairs@6e57e95e (req. id 53)
[11:44:32] [main/TRACE] [FML/]: Registry add: minecraft:chest 54 net.minecraft.block.BlockChest@5fe8b721 (req. id 54)
[11:44:32] [main/TRACE] [FML/]: Registry add: minecraft:redstone_wire 55 net.minecraft.block.BlockRedstoneWire@7a11c4c7 (req. id 55)
[11:44:32] [main/TRACE] [FML/]: Registry add: minecraft:diamond_ore 56 net.minecraft.block.BlockOre@4cc547a (req. id 56)
[11:44:32] [main/TRACE] [FML/]: Registry add: minecraft:diamond_block 57 net.minecraft.block.BlockCompressed@7555b920 (req. id 57)
[11:44:32] [main/TRACE] [FML/]: Registry add: minecraft:crafting_table 58 net.minecraft.block.BlockWorkbench@5cc5b667 (req. id 58)
[11:44:32] [main/TRACE] [FML/]: Registry add: minecraft:wheat 59 net.minecraft.block.BlockCrops@660e9100 (req. id 59)
[11:44:32] [main/TRACE] [FML/]: Registry add: minecraft:farmland 60 net.minecraft.block.BlockFarmland@6db66836 (req. id 60)
[11:44:32] [main/TRACE] [FML/]: Registry add: minecraft:furnace 61 net.minecraft.block.BlockFurnace@72c927f1 (req. id 61)
[11:44:32] [main/TRACE] [FML/]: Registry add: minecraft:lit_furnace 62 net.minecraft.block.BlockFurnace@1ac85b0c (req. id 62)
[11:44:32] [main/TRACE] [FML/]: Registry add: minecraft:standing_sign 63 net.minecraft.block.BlockSign@6bc248ed (req. id 63)
[11:44:32] [main/TRACE] [FML/]: Registry add: minecraft:wooden_door 64 net.minecraft.block.BlockDoor@67427b69 (req. id 64)
[11:44:32] [main/TRACE] [FML/]: Registry add: minecraft:ladder 65 net.minecraft.block.BlockLadder@58c540cf (req. id 65)
[11:44:32] [main/TRACE] [FML/]: Registry add: minecraft:rail 66 net.minecraft.block.BlockRail@73511076 (req. id 66)
[11:44:32] [main/TRACE] [FML/]: Registry add: minecraft:stone_stairs 67 net.minecraft.block.BlockStairs@7927bd9f (req. id 67)
[11:44:32] [main/TRACE] [FML/]: Registry add: minecraft:wall_sign 68 net.minecraft.block.BlockSign@532721fd (req. id 68)
[11:44:32] [main/TRACE] [FML/]: Registry add: minecraft:lever 69 net.minecraft.block.BlockLever@514eedd8 (req. id 69)
[11:44:32] [main/TRACE] [FML/]: Registry add: minecraft:stone_pressure_plate 70 net.minecraft.block.BlockPressurePlate@6815c5f2 (req. id 70)
[11:44:32] [main/TRACE] [FML/]: Registry add: minecraft:iron_door 71 net.minecraft.block.BlockDoor@46cc127b (req. id 71)
[11:44:32] [main/TRACE] [FML/]: Registry add: minecraft:wooden_pressure_plate 72 net.minecraft.block.BlockPressurePlate@60094a13 (req. id 72)
[11:44:32] [main/TRACE] [FML/]: Registry add: minecraft:redstone_ore 73 net.minecraft.block.BlockRedstoneOre@3d3f761a (req. id 73)
[11:44:32] [main/TRACE] [FML/]: Registry add: minecraft:lit_redstone_ore 74 net.minecraft.block.BlockRedstoneOre@3546d80f (req. id 74)
[11:44:32] [main/TRACE] [FML/]: Registry add: minecraft:unlit_redstone_torch 75 net.minecraft.block.BlockRedstoneTorch@790174f2 (req. id 75)
[11:44:32] [main/TRACE] [FML/]: Registry add: minecraft:redstone_torch 76 net.minecraft.block.BlockRedstoneTorch@42257bdd (req. id 76)
[11:44:32] [main/TRACE] [FML/]: Registry add: minecraft:stone_button 77 net.minecraft.block.BlockButtonStone@55e7a35c (req. id 77)
[11:44:32] [main/TRACE] [FML/]: Registry add: minecraft:snow_layer 78 net.minecraft.block.BlockSnow@71f67a79 (req. id 78)
[11:44:32] [main/TRACE] [FML/]: Registry add: minecraft:ice 79 net.minecraft.block.BlockIce@5ef8df1e (req. id 79)
[11:44:32] [main/TRACE] [FML/]: Registry add: minecraft:snow 80 net.minecraft.block.BlockSnowBlock@1f130eaf (req. id 80)
[11:44:32] [main/TRACE] [FML/]: Registry add: minecraft:cactus 81 net.minecraft.block.BlockCactus@bc57b40 (req. id 81)
[11:44:32] [main/TRACE] [FML/]: Registry add: minecraft:clay 82 net.minecraft.block.BlockClay@71a9b4c7 (req. id 82)
[11:44:32] [main/TRACE] [FML/]: Registry add: minecraft:reeds 83 net.minecraft.block.BlockReed@226f885f (req. id 83)
[11:44:32] [main/TRACE] [FML/]: Registry add: minecraft:jukebox 84 net.minecraft.block.BlockJukebox@5ebd56e9 (req. id 84)
[11:44:32] [main/TRACE] [FML/]: Registry add: minecraft:fence 85 net.minecraft.block.BlockFence@56b78e55 (req. id 85)
[11:44:32] [main/TRACE] [FML/]: Registry add: minecraft:pumpkin 86 net.minecraft.block.BlockPumpkin@2db2dd9d (req. id 86)
[11:44:32] [main/TRACE] [FML/]: Registry add: minecraft:netherrack 87 net.minecraft.block.BlockNetherrack@560513ce (req. id 87)
[11:44:32] [main/TRACE] [FML/]: Registry add: minecraft:soul_sand 88 net.minecraft.block.BlockSoulSand@6d6bc158 (req. id 88)
[11:44:32] [main/TRACE] [FML/]: Registry add: minecraft:glowstone 89 net.minecraft.block.BlockGlowstone@fff25f1 (req. id 89)
[11:44:32] [main/TRACE] [FML/]: Registry add: minecraft:portal 90 net.minecraft.block.BlockPortal@51768776 (req. id 90)
[11:44:32] [main/TRACE] [FML/]: Registry add: minecraft:lit_pumpkin 91 net.minecraft.block.BlockPumpkin@f31c0c6 (req. id 91)
[11:44:32] [main/TRACE] [FML/]: Registry add: minecraft:cake 92 net.minecraft.block.BlockCake@67af833b (req. id 92)
[11:44:32] [main/TRACE] [FML/]: Registry add: minecraft:unpowered_repeater 93 net.minecraft.block.BlockRedstoneRepeater@30b34287 (req. id 93)
[11:44:32] [main/TRACE] [FML/]: Registry add: minecraft:powered_repeater 94 net.minecraft.block.BlockRedstoneRepeater@5489c777 (req. id 94)
[11:44:32] [main/TRACE] [FML/]: Registry add: minecraft:stained_glass 95 net.minecraft.block.BlockStainedGlass@5149f008 (req. id 95)
[11:44:32] [main/TRACE] [FML/]: Registry add: minecraft:trapdoor 96 net.minecraft.block.BlockTrapDoor@5707c1cb (req. id 96)
[11:44:32] [main/TRACE] [FML/]: Registry add: minecraft:monster_egg 97 net.minecraft.block.BlockSilverfish@324c64cd (req. id 97)
[11:44:32] [main/TRACE] [FML/]: Registry add: minecraft:stonebrick 98 net.minecraft.block.BlockStoneBrick@2555fff0 (req. id 98)
[11:44:32] [main/TRACE] [FML/]: Registry add: minecraft:brown_mushroom_block 99 net.minecraft.block.BlockHugeMushroom@173b9122 (req. id 99)
[11:44:32] [main/TRACE] [FML/]: Registry add: minecraft:red_mushroom_block 100 net.minecraft.block.BlockHugeMushroom@7c18432b (req. id 100)
[11:44:32] [main/TRACE] [FML/]: Registry add: minecraft:iron_bars 101 net.minecraft.block.BlockPane@40bffbca (req. id 101)
[11:44:32] [main/TRACE] [FML/]: Registry add: minecraft:glass_pane 102 net.minecraft.block.BlockPane@2449cff7 (req. id 102)
[11:44:32] [main/TRACE] [FML/]: Registry add: minecraft:melon_block 103 net.minecraft.block.BlockMelon@384fc774 (req. id 103)
[11:44:32] [main/TRACE] [FML/]: Registry add: minecraft:pumpkin_stem 104 net.minecraft.block.BlockStem@29ad44e3 (req. id 104)
[11:44:32] [main/TRACE] [FML/]: Registry add: minecraft:melon_stem 105 net.minecraft.block.BlockStem@15bcf458 (req. id 105)
[11:44:32] [main/TRACE] [FML/]: Registry add: minecraft:vine 106 net.minecraft.block.BlockVine@649f2009 (req. id 106)
[11:44:32] [main/TRACE] [FML/]: Registry add: minecraft:fence_gate 107 net.minecraft.block.BlockFenceGate@57f791c6 (req. id 107)
[11:44:32] [main/TRACE] [FML/]: Registry add: minecraft:brick_stairs 108 net.minecraft.block.BlockStairs@51650883 (req. id 108)
[11:44:32] [main/TRACE] [FML/]: Registry add: minecraft:stone_brick_stairs 109 net.minecraft.block.BlockStairs@6c4f9535 (req. id 109)
[11:44:32] [main/TRACE] [FML/]: Registry add: minecraft:mycelium 110 net.minecraft.block.BlockMycelium@c1fca1e (req. id 110)
[11:44:32] [main/TRACE] [FML/]: Registry add: minecraft:waterlily 111 net.minecraft.block.BlockLilyPad@615f972 (req. id 111)
[11:44:32] [main/TRACE] [FML/]: Registry add: minecraft:nether_brick 112 net.minecraft.block.Block@285f09de (req. id 112)
[11:44:32] [main/TRACE] [FML/]: Registry add: minecraft:nether_brick_fence 113 net.minecraft.block.BlockFence@73393584 (req. id 113)
[11:44:32] [main/TRACE] [FML/]: Registry add: minecraft:nether_brick_stairs 114 net.minecraft.block.BlockStairs@31500940 (req. id 114)
[11:44:32] [main/TRACE] [FML/]: Registry add: minecraft:nether_wart 115 net.minecraft.block.BlockNetherWart@66238be2 (req. id 115)
[11:44:32] [main/TRACE] [FML/]: Registry add: minecraft:enchanting_table 116 net.minecraft.block.BlockEnchantmentTable@63fd4873 (req. id 116)
[11:44:32] [main/TRACE] [FML/]: Registry add: minecraft:brewing_stand 117 net.minecraft.block.BlockBrewingStand@82c57b3 (req. id 117)
[11:44:32] [main/TRACE] [FML/]: Registry add: minecraft:cauldron 118 net.minecraft.block.BlockCauldron@443dbe42 (req. id 118)
[11:44:32] [main/TRACE] [FML/]: Registry add: minecraft:end_portal 119 net.minecraft.block.BlockEndPortal@41382722 (req. id 119)
[11:44:32] [main/TRACE] [FML/]: Registry add: minecraft:end_portal_frame 120 net.minecraft.block.BlockEndPortalFrame@3d4d3fe7 (req. id 120)
[11:44:32] [main/TRACE] [FML/]: Registry add: minecraft:end_stone 121 net.minecraft.block.Block@65f87a2c (req. id 121)
[11:44:32] [main/TRACE] [FML/]: Registry add: minecraft:dragon_egg 122 net.minecraft.block.BlockDragonEgg@d816dde (req. id 122)
[11:44:32] [main/TRACE] [FML/]: Registry add: minecraft:redstone_lamp 123 net.minecraft.block.BlockRedstoneLight@47747fb9 (req. id 123)
[11:44:32] [main/TRACE] [FML/]: Registry add: minecraft:lit_redstone_lamp 124 net.minecraft.block.BlockRedstoneLight@3113a37 (req. id 124)
[11:44:32] [main/TRACE] [FML/]: Registry add: minecraft:double_wooden_slab 125 net.minecraft.block.BlockWoodSlab@70eecdc2 (req. id 125)
[11:44:32] [main/TRACE] [FML/]: Registry add: minecraft:wooden_slab 126 net.minecraft.block.BlockWoodSlab@c41709a (req. id 126)
[11:44:32] [main/TRACE] [FML/]: Registry add: minecraft:cocoa 127 net.minecraft.block.BlockCocoa@2a551a63 (req. id 127)
[11:44:32] [main/TRACE] [FML/]: Registry add: minecraft:sandstone_stairs 128 net.minecraft.block.BlockStairs@1a6f5124 (req. id 128)
[11:44:32] [main/TRACE] [FML/]: Registry add: minecraft:emerald_ore 129 net.minecraft.block.BlockOre@1edb61b1 (req. id 129)
[11:44:32] [main/TRACE] [FML/]: Registry add: minecraft:ender_chest 130 net.minecraft.block.BlockEnderChest@5305c37d (req. id 130)
[11:44:32] [main/TRACE] [FML/]: Registry add: minecraft:tripwire_hook 131 net.minecraft.block.BlockTripWireHook@66d23e4a (req. id 131)
[11:44:32] [main/TRACE] [FML/]: Registry add: minecraft:tripwire 132 net.minecraft.block.BlockTripWire@77b21474 (req. id 132)
[11:44:32] [main/TRACE] [FML/]: Registry add: minecraft:emerald_block 133 net.minecraft.block.BlockCompressed@52d10fb8 (req. id 133)
[11:44:32] [main/TRACE] [FML/]: Registry add: minecraft:spruce_stairs 134 net.minecraft.block.BlockStairs@41c07648 (req. id 134)
[11:44:32] [main/TRACE] [FML/]: Registry add: minecraft:birch_stairs 135 net.minecraft.block.BlockStairs@1fe8d51b (req. id 135)
[11:44:32] [main/TRACE] [FML/]: Registry add: minecraft:jungle_stairs 136 net.minecraft.block.BlockStairs@781e7326 (req. id 136)
[11:44:32] [main/TRACE] [FML/]: Registry add: minecraft:command_block 137 net.minecraft.block.BlockCommandBlock@1fc793c2 (req. id 137)
